

Started GET "/" for 127.0.0.1 at 2020-09-18 14:02:52 +0530
Processing by ProjectsController#index as HTML
  Rendered projects/index.html.erb within layouts/application (1.1ms)
Completed 200 OK in 589ms (Views: 584.8ms | ActiveRecord: 0.0ms)


Started GET "/assets/projects.self-e3b0c44298fc1c149afbf4c8996fb92427ae41e4649b934ca495991b7852b855.css?body=1" for 127.0.0.1 at 2020-09-18 14:02:53 +0530


Started GET "/assets/projects.self-877aef30ae1b040ab8a3aba4e3e309a11d7f2612f44dde450b5c157aa5f95c05.js?body=1" for 127.0.0.1 at 2020-09-18 14:02:53 +0530


Started GET "/about" for 127.0.0.1 at 2020-09-18 14:05:50 +0530
Processing by PagesController#about as HTML
  Rendered pages/about.html.erb within layouts/application (1.3ms)
Completed 200 OK in 217ms (Views: 212.6ms | ActiveRecord: 0.0ms)


Started GET "/assets/pages.self-e3b0c44298fc1c149afbf4c8996fb92427ae41e4649b934ca495991b7852b855.css?body=1" for 127.0.0.1 at 2020-09-18 14:05:50 +0530


Started GET "/assets/pages.self-877aef30ae1b040ab8a3aba4e3e309a11d7f2612f44dde450b5c157aa5f95c05.js?body=1" for 127.0.0.1 at 2020-09-18 14:05:50 +0530


Started GET "/about" for 127.0.0.1 at 2020-09-18 14:06:58 +0530
Processing by PagesController#about as HTML
  Rendered pages/about.html.erb within layouts/application (0.4ms)
Completed 200 OK in 41ms (Views: 39.5ms | ActiveRecord: 0.0ms)


Started GET "/project/new" for 127.0.0.1 at 2020-09-18 14:11:45 +0530

ActionController::RoutingError (No route matches [GET] "/project/new"):
  


  Rendered /usr/lib/ruby/vendor_ruby/action_dispatch/middleware/templates/rescues/_trace.html.erb (0.7ms)
  Rendered /usr/lib/ruby/vendor_ruby/action_dispatch/middleware/templates/routes/_route.html.erb (0.7ms)
  Rendered /usr/lib/ruby/vendor_ruby/action_dispatch/middleware/templates/routes/_table.html.erb (4.0ms)
  Rendered /usr/lib/ruby/vendor_ruby/action_dispatch/middleware/templates/rescues/_request_and_response.html.erb (6.3ms)
  Rendered /usr/lib/ruby/vendor_ruby/action_dispatch/middleware/templates/rescues/routing_error.html.erb within rescues/layout (25.7ms)
  Rendered /usr/lib/ruby/vendor_ruby/web_console/templates/_markup.html.erb (0.2ms)
  Rendered /usr/lib/ruby/vendor_ruby/web_console/templates/_inner_console_markup.html.erb within layouts/inlined_string (0.5ms)
  Rendered /usr/lib/ruby/vendor_ruby/web_console/templates/_prompt_box_markup.html.erb within layouts/inlined_string (0.2ms)
  Rendered /usr/lib/ruby/vendor_ruby/web_console/templates/style.css.erb within layouts/inlined_string (0.2ms)
  Rendered /usr/lib/ruby/vendor_ruby/web_console/templates/console.js.erb within layouts/javascript (11.2ms)
  Rendered /usr/lib/ruby/vendor_ruby/web_console/templates/main.js.erb within layouts/javascript (0.2ms)
  Rendered /usr/lib/ruby/vendor_ruby/web_console/templates/error_page.js.erb within layouts/javascript (0.2ms)
  Rendered /usr/lib/ruby/vendor_ruby/web_console/templates/index.html.erb (20.0ms)


Started GET "/project/new" for 127.0.0.1 at 2020-09-18 14:11:48 +0530

ActionController::RoutingError (No route matches [GET] "/project/new"):
  


  Rendered /usr/lib/ruby/vendor_ruby/action_dispatch/middleware/templates/rescues/_trace.html.erb (2.7ms)
  Rendered /usr/lib/ruby/vendor_ruby/action_dispatch/middleware/templates/routes/_route.html.erb (1.5ms)
  Rendered /usr/lib/ruby/vendor_ruby/action_dispatch/middleware/templates/routes/_table.html.erb (2.6ms)
  Rendered /usr/lib/ruby/vendor_ruby/action_dispatch/middleware/templates/rescues/_request_and_response.html.erb (1.3ms)
  Rendered /usr/lib/ruby/vendor_ruby/action_dispatch/middleware/templates/rescues/routing_error.html.erb within rescues/layout (46.9ms)
  Rendered /usr/lib/ruby/vendor_ruby/web_console/templates/_markup.html.erb (0.2ms)
  Rendered /usr/lib/ruby/vendor_ruby/web_console/templates/_inner_console_markup.html.erb within layouts/inlined_string (0.3ms)
  Rendered /usr/lib/ruby/vendor_ruby/web_console/templates/_prompt_box_markup.html.erb within layouts/inlined_string (0.2ms)
  Rendered /usr/lib/ruby/vendor_ruby/web_console/templates/style.css.erb within layouts/inlined_string (0.3ms)
  Rendered /usr/lib/ruby/vendor_ruby/web_console/templates/console.js.erb within layouts/javascript (11.9ms)
  Rendered /usr/lib/ruby/vendor_ruby/web_console/templates/main.js.erb within layouts/javascript (0.3ms)
  Rendered /usr/lib/ruby/vendor_ruby/web_console/templates/error_page.js.erb within layouts/javascript (0.3ms)
  Rendered /usr/lib/ruby/vendor_ruby/web_console/templates/index.html.erb (26.1ms)


Started GET "/projects/new" for 127.0.0.1 at 2020-09-18 14:12:07 +0530
Processing by ProjectsController#new as HTML
  Rendered projects/new.html.erb within layouts/application (0.2ms)
Completed 200 OK in 145ms (Views: 144.1ms | ActiveRecord: 0.0ms)


Started GET "/projects/new" for 127.0.0.1 at 2020-09-18 14:16:26 +0530
Processing by ProjectsController#new as HTML
  Rendered projects/new.html.erb within layouts/application (5.8ms)
Completed 500 Internal Server Error in 14ms (ActiveRecord: 0.0ms)


Started GET "/projects/new" for 127.0.0.1 at 2020-09-18 14:16:40 +0530
Processing by ProjectsController#new as HTML
  Rendered projects/new.html.erb within layouts/application (0.8ms)
Completed 500 Internal Server Error in 15ms (ActiveRecord: 0.0ms)


Started GET "/projects/new" for 127.0.0.1 at 2020-09-18 14:18:57 +0530
Processing by ProjectsController#new as HTML
  Rendered projects/new.html.erb within layouts/application (3.5ms)
Completed 500 Internal Server Error in 12ms (ActiveRecord: 0.0ms)


Started GET "/projects/new" for 127.0.0.1 at 2020-09-18 14:19:37 +0530
Processing by ProjectsController#new as HTML
  Rendered projects/new.html.erb within layouts/application (5.7ms)
Completed 200 OK in 220ms (Views: 217.8ms | ActiveRecord: 0.0ms)


Started GET "/projects/new" for 127.0.0.1 at 2020-09-18 14:23:08 +0530
Processing by ProjectsController#new as HTML
  Rendered projects/new.html.erb within layouts/application (1.2ms)
Completed 500 Internal Server Error in 10ms (ActiveRecord: 0.0ms)


Started GET "/projects/new" for 127.0.0.1 at 2020-09-18 14:43:06 +0530

ActiveRecord::PendingMigrationError (

Migrations are pending. To resolve this issue, run:

	bin/rake db:migrate RAILS_ENV=development

):
  


  Rendered /usr/lib/ruby/vendor_ruby/action_dispatch/middleware/templates/rescues/_source.erb (0.8ms)
  Rendered /usr/lib/ruby/vendor_ruby/action_dispatch/middleware/templates/rescues/_trace.html.erb (0.8ms)
  Rendered /usr/lib/ruby/vendor_ruby/action_dispatch/middleware/templates/rescues/_request_and_response.html.erb (0.6ms)
  Rendered /usr/lib/ruby/vendor_ruby/action_dispatch/middleware/templates/rescues/diagnostics.html.erb within rescues/layout (15.9ms)
  Rendered /usr/lib/ruby/vendor_ruby/web_console/templates/_markup.html.erb (0.5ms)
  Rendered /usr/lib/ruby/vendor_ruby/web_console/templates/_inner_console_markup.html.erb within layouts/inlined_string (0.2ms)
  Rendered /usr/lib/ruby/vendor_ruby/web_console/templates/_prompt_box_markup.html.erb within layouts/inlined_string (0.2ms)
  Rendered /usr/lib/ruby/vendor_ruby/web_console/templates/style.css.erb within layouts/inlined_string (0.4ms)
  Rendered /usr/lib/ruby/vendor_ruby/web_console/templates/console.js.erb within layouts/javascript (10.2ms)
  Rendered /usr/lib/ruby/vendor_ruby/web_console/templates/main.js.erb within layouts/javascript (0.4ms)
  Rendered /usr/lib/ruby/vendor_ruby/web_console/templates/error_page.js.erb within layouts/javascript (0.3ms)
  Rendered /usr/lib/ruby/vendor_ruby/web_console/templates/index.html.erb (24.7ms)
  [1m[36m (112.0ms)[0m  [1mCREATE TABLE "schema_migrations" ("version" varchar NOT NULL) [0m
  [1m[35m (0.3ms)[0m  select sqlite_version(*)
  [1m[36m (114.4ms)[0m  [1mCREATE UNIQUE INDEX "unique_schema_migrations" ON "schema_migrations" ("version")[0m
  [1m[35mActiveRecord::SchemaMigration Load (0.2ms)[0m  SELECT "schema_migrations".* FROM "schema_migrations"
Migrating to CreateProjects (20200918085448)
  [1m[36m (0.1ms)[0m  [1mbegin transaction[0m
  [1m[35m (0.7ms)[0m  CREATE TABLE "projects" ("id" INTEGER PRIMARY KEY AUTOINCREMENT NOT NULL, "title" varchar, "body" text, "created_at" datetime NOT NULL, "updated_at" datetime NOT NULL) 
  [1m[36mSQL (0.3ms)[0m  [1mINSERT INTO "schema_migrations" ("version") VALUES (?)[0m  [["version", "20200918085448"]]
  [1m[35m (116.2ms)[0m  commit transaction
  [1m[36mActiveRecord::SchemaMigration Load (0.2ms)[0m  [1mSELECT "schema_migrations".* FROM "schema_migrations"[0m


Started GET "/projects/new" for 127.0.0.1 at 2020-09-18 14:44:54 +0530
  [1m[36mActiveRecord::SchemaMigration Load (0.1ms)[0m  [1mSELECT "schema_migrations".* FROM "schema_migrations"[0m
Processing by ProjectsController#new as HTML
  Rendered projects/new.html.erb within layouts/application (0.9ms)
Completed 500 Internal Server Error in 15ms (ActiveRecord: 0.0ms)


Started GET "/projects/new" for 127.0.0.1 at 2020-09-18 14:56:32 +0530
Processing by ProjectsController#new as HTML
  Rendered projects/new.html.erb within layouts/application (91.7ms)
Completed 200 OK in 263ms (Views: 261.9ms | ActiveRecord: 0.0ms)


Started POST "/projects/new" for 127.0.0.1 at 2020-09-18 14:57:06 +0530

ActionController::RoutingError (No route matches [POST] "/projects/new"):
  


  Rendered /usr/lib/ruby/vendor_ruby/action_dispatch/middleware/templates/rescues/_trace.html.erb (1.2ms)
  Rendered /usr/lib/ruby/vendor_ruby/action_dispatch/middleware/templates/routes/_route.html.erb (1.3ms)
  Rendered /usr/lib/ruby/vendor_ruby/action_dispatch/middleware/templates/routes/_table.html.erb (1.6ms)
  Rendered /usr/lib/ruby/vendor_ruby/action_dispatch/middleware/templates/rescues/_request_and_response.html.erb (1.2ms)
  Rendered /usr/lib/ruby/vendor_ruby/action_dispatch/middleware/templates/rescues/routing_error.html.erb within rescues/layout (27.4ms)
  Rendered /usr/lib/ruby/vendor_ruby/web_console/templates/_markup.html.erb (0.8ms)
  Rendered /usr/lib/ruby/vendor_ruby/web_console/templates/_inner_console_markup.html.erb within layouts/inlined_string (0.2ms)
  Rendered /usr/lib/ruby/vendor_ruby/web_console/templates/_prompt_box_markup.html.erb within layouts/inlined_string (0.2ms)
  Rendered /usr/lib/ruby/vendor_ruby/web_console/templates/style.css.erb within layouts/inlined_string (0.2ms)
  Rendered /usr/lib/ruby/vendor_ruby/web_console/templates/console.js.erb within layouts/javascript (9.2ms)
  Rendered /usr/lib/ruby/vendor_ruby/web_console/templates/main.js.erb within layouts/javascript (0.3ms)
  Rendered /usr/lib/ruby/vendor_ruby/web_console/templates/error_page.js.erb within layouts/javascript (0.4ms)
  Rendered /usr/lib/ruby/vendor_ruby/web_console/templates/index.html.erb (24.1ms)


Started POST "/projects/new" for 127.0.0.1 at 2020-09-18 14:58:54 +0530

ActionController::RoutingError (No route matches [POST] "/projects/new"):
  


  Rendered /usr/lib/ruby/vendor_ruby/action_dispatch/middleware/templates/rescues/_trace.html.erb (3.4ms)
  Rendered /usr/lib/ruby/vendor_ruby/action_dispatch/middleware/templates/routes/_route.html.erb (2.8ms)
  Rendered /usr/lib/ruby/vendor_ruby/action_dispatch/middleware/templates/routes/_table.html.erb (2.0ms)
  Rendered /usr/lib/ruby/vendor_ruby/action_dispatch/middleware/templates/rescues/_request_and_response.html.erb (1.6ms)
  Rendered /usr/lib/ruby/vendor_ruby/action_dispatch/middleware/templates/rescues/routing_error.html.erb within rescues/layout (51.5ms)
  Rendered /usr/lib/ruby/vendor_ruby/web_console/templates/_markup.html.erb (0.5ms)
  Rendered /usr/lib/ruby/vendor_ruby/web_console/templates/_inner_console_markup.html.erb within layouts/inlined_string (0.3ms)
  Rendered /usr/lib/ruby/vendor_ruby/web_console/templates/_prompt_box_markup.html.erb within layouts/inlined_string (0.2ms)
  Rendered /usr/lib/ruby/vendor_ruby/web_console/templates/style.css.erb within layouts/inlined_string (0.5ms)
  Rendered /usr/lib/ruby/vendor_ruby/web_console/templates/console.js.erb within layouts/javascript (13.3ms)
  Rendered /usr/lib/ruby/vendor_ruby/web_console/templates/main.js.erb within layouts/javascript (0.2ms)
  Rendered /usr/lib/ruby/vendor_ruby/web_console/templates/error_page.js.erb within layouts/javascript (0.2ms)
  Rendered /usr/lib/ruby/vendor_ruby/web_console/templates/index.html.erb (27.2ms)


Started GET "/projects/new" for 127.0.0.1 at 2020-09-18 14:58:58 +0530
Processing by ProjectsController#new as HTML
  Rendered projects/new.html.erb within layouts/application (11.6ms)
Completed 200 OK in 84ms (Views: 82.3ms | ActiveRecord: 0.0ms)


Started POST "/projects" for 127.0.0.1 at 2020-09-18 14:59:04 +0530
Processing by ProjectsController#create as HTML
  Parameters: {"utf8"=>"✓", "authenticity_token"=>"XHog+9GoTH7CoLGJjqzPEVlG9bj7pPo09v6+4lDFo1UdpPBH1UWO7RSa4F2tSuIscSj6kgc3yyVn/g3YPcGVng==", "project"=>{"title"=>"test", "body"=>"fycgvgkh"}, "commit"=>"Save Project"}
  Rendered text template (0.0ms)
Completed 200 OK in 20ms (Views: 19.4ms | ActiveRecord: 0.0ms)


Started GET "/projects/new" for 127.0.0.1 at 2020-09-18 15:04:17 +0530
Processing by ProjectsController#new as HTML
  Rendered projects/new.html.erb within layouts/application (1.6ms)
Completed 200 OK in 33ms (Views: 32.2ms | ActiveRecord: 0.0ms)


Started POST "/projects" for 127.0.0.1 at 2020-09-18 15:04:25 +0530
Processing by ProjectsController#create as HTML
  Parameters: {"utf8"=>"✓", "authenticity_token"=>"hkXnaV5/x6ZAz2K9DIRKKAPWzy6bi5LLzTHWY6lUl3LHmzfVWpIFNZb1M2kvYmcVK7jABGcYo9pcMWVZxFChuQ==", "project"=>{"title"=>"summa", "body"=>"summa test"}, "commit"=>"Save Project"}
Completed 500 Internal Server Error in 14ms (ActiveRecord: 1.0ms)

ActiveModel::ForbiddenAttributesError (ActiveModel::ForbiddenAttributesError):
  


  Rendered /usr/lib/ruby/vendor_ruby/action_dispatch/middleware/templates/rescues/_source.erb (1.7ms)
  Rendered /usr/lib/ruby/vendor_ruby/action_dispatch/middleware/templates/rescues/_trace.html.erb (1.8ms)
  Rendered /usr/lib/ruby/vendor_ruby/action_dispatch/middleware/templates/rescues/_request_and_response.html.erb (1.0ms)
  Rendered /usr/lib/ruby/vendor_ruby/action_dispatch/middleware/templates/rescues/diagnostics.html.erb within rescues/layout (25.1ms)
  Rendered /usr/lib/ruby/vendor_ruby/web_console/templates/_markup.html.erb (0.4ms)
  Rendered /usr/lib/ruby/vendor_ruby/web_console/templates/_inner_console_markup.html.erb within layouts/inlined_string (0.3ms)
  Rendered /usr/lib/ruby/vendor_ruby/web_console/templates/_prompt_box_markup.html.erb within layouts/inlined_string (0.2ms)
  Rendered /usr/lib/ruby/vendor_ruby/web_console/templates/style.css.erb within layouts/inlined_string (0.2ms)
  Rendered /usr/lib/ruby/vendor_ruby/web_console/templates/console.js.erb within layouts/javascript (11.9ms)
  Rendered /usr/lib/ruby/vendor_ruby/web_console/templates/main.js.erb within layouts/javascript (0.2ms)
  Rendered /usr/lib/ruby/vendor_ruby/web_console/templates/error_page.js.erb within layouts/javascript (0.9ms)
  Rendered /usr/lib/ruby/vendor_ruby/web_console/templates/index.html.erb (26.2ms)


Started GET "/projects/new" for 127.0.0.1 at 2020-09-18 15:12:58 +0530
Processing by ProjectsController#new as HTML
  Rendered projects/new.html.erb within layouts/application (2.0ms)
Completed 200 OK in 38ms (Views: 37.3ms | ActiveRecord: 0.0ms)


Started POST "/projects" for 127.0.0.1 at 2020-09-18 15:13:08 +0530
Processing by ProjectsController#create as HTML
  Parameters: {"utf8"=>"✓", "authenticity_token"=>"Uu+7BtjR7qhg1/BaQLfSRq7gQBrVZvu03uj3doBuppoTMWu63DwsO7btoY5jUf97ho5PMCn1yqVP6ERM7WqQUQ==", "project"=>{"title"=>"test2", "body"=>"test the page"}, "commit"=>"Save Project"}
Completed 500 Internal Server Error in 24ms (ActiveRecord: 0.0ms)

NoMethodError (undefined method `permits' for {"title"=>"test2", "body"=>"test the page"}:ActionController::Parameters
Did you mean?  permit
               permit!):
  


  Rendered /usr/lib/ruby/vendor_ruby/action_dispatch/middleware/templates/rescues/_source.erb (1.6ms)
  Rendered /usr/lib/ruby/vendor_ruby/action_dispatch/middleware/templates/rescues/_trace.html.erb (1.7ms)
  Rendered /usr/lib/ruby/vendor_ruby/action_dispatch/middleware/templates/rescues/_request_and_response.html.erb (1.1ms)
  Rendered /usr/lib/ruby/vendor_ruby/action_dispatch/middleware/templates/rescues/diagnostics.html.erb within rescues/layout (30.5ms)
  Rendered /usr/lib/ruby/vendor_ruby/web_console/templates/_markup.html.erb (0.3ms)
  Rendered /usr/lib/ruby/vendor_ruby/web_console/templates/_inner_console_markup.html.erb within layouts/inlined_string (0.4ms)
  Rendered /usr/lib/ruby/vendor_ruby/web_console/templates/_prompt_box_markup.html.erb within layouts/inlined_string (0.2ms)
  Rendered /usr/lib/ruby/vendor_ruby/web_console/templates/style.css.erb within layouts/inlined_string (0.4ms)
  Rendered /usr/lib/ruby/vendor_ruby/web_console/templates/console.js.erb within layouts/javascript (14.9ms)
  Rendered /usr/lib/ruby/vendor_ruby/web_console/templates/main.js.erb within layouts/javascript (0.2ms)
  Rendered /usr/lib/ruby/vendor_ruby/web_console/templates/error_page.js.erb within layouts/javascript (0.2ms)
  Rendered /usr/lib/ruby/vendor_ruby/web_console/templates/index.html.erb (27.9ms)


Started GET "/projects/new" for 127.0.0.1 at 2020-09-18 15:13:55 +0530
Processing by ProjectsController#new as HTML
  Rendered projects/new.html.erb within layouts/application (1.6ms)
Completed 200 OK in 33ms (Views: 32.4ms | ActiveRecord: 0.0ms)


Started POST "/projects" for 127.0.0.1 at 2020-09-18 15:14:03 +0530
Processing by ProjectsController#create as HTML
  Parameters: {"utf8"=>"✓", "authenticity_token"=>"NZ+B+0U1TKT6/4v6A8Xrz907gYKFLVaXsTZaAxDxl690QVFHQdiONyzF2i4gI8by9VWOqHm+Z4YgNuk5ffWhZA==", "project"=>{"title"=>"summa", "body"=>"summa "}, "commit"=>"Save Project"}
  [1m[35m (0.1ms)[0m  begin transaction
  [1m[36mSQL (0.7ms)[0m  [1mINSERT INTO "projects" ("title", "body", "created_at", "updated_at") VALUES (?, ?, ?, ?)[0m  [["title", "summa"], ["body", "summa "], ["created_at", "2020-09-18 09:44:03.589904"], ["updated_at", "2020-09-18 09:44:03.589904"]]
  [1m[35m (89.0ms)[0m  commit transaction
Redirected to http://localhost:3000/projects/1
Completed 302 Found in 107ms (ActiveRecord: 90.7ms)


Started GET "/projects/1" for 127.0.0.1 at 2020-09-18 15:14:03 +0530
Processing by ProjectsController#show as HTML
  Parameters: {"id"=>"1"}
  [1m[36mProject Load (0.4ms)[0m  [1mSELECT  "projects".* FROM "projects" WHERE "projects"."id" = ? LIMIT 1[0m  [["id", 1]]
  Rendered projects/show.html.erb within layouts/application (1.4ms)
Completed 200 OK in 102ms (Views: 61.2ms | ActiveRecord: 0.4ms)


Started GET "/" for 127.0.0.1 at 2020-09-18 15:14:24 +0530
Processing by ProjectsController#index as HTML
  Rendered projects/index.html.erb within layouts/application (0.3ms)
Completed 200 OK in 26ms (Views: 24.9ms | ActiveRecord: 0.0ms)


Started GET "/projects/1" for 127.0.0.1 at 2020-09-18 15:14:31 +0530
Processing by ProjectsController#show as HTML
  Parameters: {"id"=>"1"}
  [1m[35mProject Load (0.1ms)[0m  SELECT  "projects".* FROM "projects" WHERE "projects"."id" = ? LIMIT 1  [["id", 1]]
  Rendered projects/show.html.erb within layouts/application (0.1ms)
Completed 200 OK in 27ms (Views: 25.0ms | ActiveRecord: 0.1ms)


Started GET "/" for 127.0.0.1 at 2020-09-18 15:18:12 +0530
Processing by ProjectsController#index as HTML
  Rendered projects/index.html.erb within layouts/application (3.3ms)
Completed 500 Internal Server Error in 9ms (ActiveRecord: 0.0ms)


Started GET "/" for 127.0.0.1 at 2020-09-18 15:18:34 +0530
Processing by ProjectsController#index as HTML
  Rendered projects/index.html.erb within layouts/application (11.3ms)
Completed 500 Internal Server Error in 19ms (ActiveRecord: 0.0ms)


Started GET "/" for 127.0.0.1 at 2020-09-18 15:18:35 +0530
Processing by ProjectsController#index as HTML
  Rendered projects/index.html.erb within layouts/application (12.7ms)
Completed 500 Internal Server Error in 19ms (ActiveRecord: 0.0ms)


Started GET "/" for 127.0.0.1 at 2020-09-18 15:18:51 +0530
Processing by ProjectsController#index as HTML
  [1m[36mProject Load (1.2ms)[0m  [1mSELECT "projects".* FROM "projects"[0m
  Rendered projects/index.html.erb within layouts/application (22.7ms)
Completed 200 OK in 82ms (Views: 77.8ms | ActiveRecord: 2.6ms)


Started GET "/" for 127.0.0.1 at 2020-09-18 15:19:33 +0530
Processing by ProjectsController#index as HTML
  [1m[35mProject Load (1.1ms)[0m  SELECT "projects".* FROM "projects"
  Rendered projects/index.html.erb within layouts/application (11.7ms)
Completed 200 OK in 70ms (Views: 68.0ms | ActiveRecord: 1.1ms)


Started GET "/" for 127.0.0.1 at 2020-09-18 15:26:11 +0530
Processing by ProjectsController#index as HTML
  [1m[36mProject Load (0.6ms)[0m  [1mSELECT "projects".* FROM "projects"[0m
  Rendered projects/index.html.erb within layouts/application (3.5ms)
Completed 200 OK in 87ms (Views: 83.8ms | ActiveRecord: 0.6ms)


Started GET "/projects/new" for 127.0.0.1 at 2020-09-18 15:26:17 +0530
Processing by ProjectsController#new as HTML
  Rendered projects/new.html.erb within layouts/application (0.9ms)
Completed 200 OK in 21ms (Views: 20.9ms | ActiveRecord: 0.0ms)


Started POST "/projects" for 127.0.0.1 at 2020-09-18 15:26:29 +0530
Processing by ProjectsController#create as HTML
  Parameters: {"utf8"=>"✓", "authenticity_token"=>"YWB49AK5pHX9gKg4lHf4S6pqqOTgAB1ep6NZCgecb2cgvqhIBlRm5iu6+ey3kdV2ggSnzhyTLE82o+owaphZrA==", "project"=>{"title"=>"test", "body"=>"test the page"}, "commit"=>"Save Project"}
  [1m[35m (0.1ms)[0m  begin transaction
  [1m[36mSQL (0.5ms)[0m  [1mINSERT INTO "projects" ("title", "body", "created_at", "updated_at") VALUES (?, ?, ?, ?)[0m  [["title", "test"], ["body", "test the page"], ["created_at", "2020-09-18 09:56:29.470673"], ["updated_at", "2020-09-18 09:56:29.470673"]]
  [1m[35m (151.4ms)[0m  commit transaction
Redirected to http://localhost:3000/projects/2
Completed 302 Found in 160ms (ActiveRecord: 152.0ms)


Started GET "/projects/2" for 127.0.0.1 at 2020-09-18 15:26:29 +0530
Processing by ProjectsController#show as HTML
  Parameters: {"id"=>"2"}
  [1m[36mProject Load (0.5ms)[0m  [1mSELECT  "projects".* FROM "projects" WHERE "projects"."id" = ? LIMIT 1[0m  [["id", 2]]
  Rendered projects/show.html.erb within layouts/application (1.3ms)
Completed 200 OK in 50ms (Views: 45.9ms | ActiveRecord: 0.5ms)


Started GET "/projects/new" for 127.0.0.1 at 2020-09-18 15:26:51 +0530
Processing by ProjectsController#new as HTML
  Rendered projects/new.html.erb within layouts/application (1.7ms)
Completed 200 OK in 34ms (Views: 33.1ms | ActiveRecord: 0.0ms)


Started POST "/projects" for 127.0.0.1 at 2020-09-18 15:27:01 +0530
Processing by ProjectsController#create as HTML
  Parameters: {"utf8"=>"✓", "authenticity_token"=>"lfJeb36x2DUv3URmfMP/ptEmSbOuuwAp8Ik1GtVgAdjULI7TelwapvnnFbJfJdKb+UhGmVIoMThhiYYguGQ3Ew==", "project"=>{"title"=>"testing", "body"=>"testing the page"}, "commit"=>"Save Project"}
  [1m[35m (0.3ms)[0m  begin transaction
  [1m[36mSQL (0.9ms)[0m  [1mINSERT INTO "projects" ("title", "body", "created_at", "updated_at") VALUES (?, ?, ?, ?)[0m  [["title", "testing"], ["body", "testing the page"], ["created_at", "2020-09-18 09:57:01.583081"], ["updated_at", "2020-09-18 09:57:01.583081"]]
  [1m[35m (77.4ms)[0m  commit transaction
Completed 500 Internal Server Error in 133ms (ActiveRecord: 81.0ms)

ActionView::MissingTemplate (Missing template projects/create, application/create with {:locale=>[:en], :formats=>[:html], :variants=>[], :handlers=>[:erb, :builder, :raw, :ruby, :coffee, :jbuilder]}. Searched in:
  * "/home/karthick/projectsMaintenance/app/views"
):
  


  Rendered /usr/lib/ruby/vendor_ruby/action_dispatch/middleware/templates/rescues/_source.erb (1.8ms)
  Rendered /usr/lib/ruby/vendor_ruby/action_dispatch/middleware/templates/rescues/_trace.html.erb (3.1ms)
  Rendered /usr/lib/ruby/vendor_ruby/action_dispatch/middleware/templates/rescues/_request_and_response.html.erb (2.7ms)
  Rendered /usr/lib/ruby/vendor_ruby/action_dispatch/middleware/templates/rescues/missing_template.html.erb within rescues/layout (49.5ms)
  Rendered /usr/lib/ruby/vendor_ruby/web_console/templates/_markup.html.erb (0.5ms)
  Rendered /usr/lib/ruby/vendor_ruby/web_console/templates/_inner_console_markup.html.erb within layouts/inlined_string (0.3ms)
  Rendered /usr/lib/ruby/vendor_ruby/web_console/templates/_prompt_box_markup.html.erb within layouts/inlined_string (0.3ms)
  Rendered /usr/lib/ruby/vendor_ruby/web_console/templates/style.css.erb within layouts/inlined_string (0.3ms)
  Rendered /usr/lib/ruby/vendor_ruby/web_console/templates/console.js.erb within layouts/javascript (14.5ms)
  Rendered /usr/lib/ruby/vendor_ruby/web_console/templates/main.js.erb within layouts/javascript (0.3ms)
  Rendered /usr/lib/ruby/vendor_ruby/web_console/templates/error_page.js.erb within layouts/javascript (0.3ms)
  Rendered /usr/lib/ruby/vendor_ruby/web_console/templates/index.html.erb (32.9ms)


Started GET "/projects/new" for 127.0.0.1 at 2020-09-18 15:42:02 +0530
Processing by ProjectsController#new as HTML
  Rendered projects/new.html.erb within layouts/application (1.3ms)
Completed 200 OK in 32ms (Views: 31.0ms | ActiveRecord: 0.0ms)


Started GET "/projects/" for 127.0.0.1 at 2020-09-18 15:42:06 +0530
Processing by ProjectsController#index as HTML
  [1m[36mProject Load (0.2ms)[0m  [1mSELECT "projects".* FROM "projects"[0m
  Rendered projects/index.html.erb within layouts/application (5.3ms)
Completed 200 OK in 29ms (Views: 26.3ms | ActiveRecord: 0.7ms)


Started GET "/projects/create" for 127.0.0.1 at 2020-09-18 15:42:20 +0530
Processing by ProjectsController#show as HTML
  Parameters: {"id"=>"create"}
  [1m[35mProject Load (0.3ms)[0m  SELECT  "projects".* FROM "projects" WHERE "projects"."id" = ? LIMIT 1  [["id", 0]]
Completed 404 Not Found in 3ms (ActiveRecord: 0.3ms)

ActiveRecord::RecordNotFound (Couldn't find Project with 'id'=create):
  


  Rendered /usr/lib/ruby/vendor_ruby/action_dispatch/middleware/templates/rescues/_source.erb (0.4ms)
  Rendered /usr/lib/ruby/vendor_ruby/action_dispatch/middleware/templates/rescues/_trace.html.erb (0.6ms)
  Rendered /usr/lib/ruby/vendor_ruby/action_dispatch/middleware/templates/rescues/_request_and_response.html.erb (0.5ms)
  Rendered /usr/lib/ruby/vendor_ruby/action_dispatch/middleware/templates/rescues/diagnostics.html.erb within rescues/layout (19.0ms)
  Rendered /usr/lib/ruby/vendor_ruby/web_console/templates/_markup.html.erb (0.8ms)
  Rendered /usr/lib/ruby/vendor_ruby/web_console/templates/_inner_console_markup.html.erb within layouts/inlined_string (0.2ms)
  Rendered /usr/lib/ruby/vendor_ruby/web_console/templates/_prompt_box_markup.html.erb within layouts/inlined_string (0.2ms)
  Rendered /usr/lib/ruby/vendor_ruby/web_console/templates/style.css.erb within layouts/inlined_string (0.3ms)
  Rendered /usr/lib/ruby/vendor_ruby/web_console/templates/console.js.erb within layouts/javascript (10.1ms)
  Rendered /usr/lib/ruby/vendor_ruby/web_console/templates/main.js.erb within layouts/javascript (0.7ms)
  Rendered /usr/lib/ruby/vendor_ruby/web_console/templates/error_page.js.erb within layouts/javascript (0.3ms)
  Rendered /usr/lib/ruby/vendor_ruby/web_console/templates/index.html.erb (25.9ms)


Started GET "/projects/new" for 127.0.0.1 at 2020-09-18 15:42:31 +0530
Processing by ProjectsController#new as HTML
  Rendered projects/new.html.erb within layouts/application (1.1ms)
Completed 200 OK in 25ms (Views: 23.9ms | ActiveRecord: 0.0ms)


Started POST "/projects" for 127.0.0.1 at 2020-09-18 15:42:45 +0530
Processing by ProjectsController#create as HTML
  Parameters: {"utf8"=>"✓", "authenticity_token"=>"m3LR+0f0Fh/x6GjlfR+10fVO1brs0EBmK7GGL3f3MzParAFHQxnUjCfSOTFe+Zjs3SDakBBDcXe6sTUVGvMF+A==", "project"=>{"title"=>"test", "body"=>"test"}, "commit"=>"Save Project"}
  [1m[36m (0.3ms)[0m  [1mbegin transaction[0m
  [1m[35mSQL (1.3ms)[0m  INSERT INTO "projects" ("title", "body", "created_at", "updated_at") VALUES (?, ?, ?, ?)  [["title", "test"], ["body", "test"], ["created_at", "2020-09-18 10:12:45.061493"], ["updated_at", "2020-09-18 10:12:45.061493"]]
  [1m[36m (106.9ms)[0m  [1mcommit transaction[0m
Redirected to http://localhost:3000/projects/4
Completed 302 Found in 123ms (ActiveRecord: 108.5ms)


Started GET "/projects/4" for 127.0.0.1 at 2020-09-18 15:42:45 +0530
Processing by ProjectsController#show as HTML
  Parameters: {"id"=>"4"}
  [1m[35mProject Load (0.5ms)[0m  SELECT  "projects".* FROM "projects" WHERE "projects"."id" = ? LIMIT 1  [["id", 4]]
  Rendered projects/show.html.erb within layouts/application (0.3ms)
Completed 200 OK in 74ms (Views: 69.6ms | ActiveRecord: 0.5ms)


Started GET "/" for 127.0.0.1 at 2020-09-18 15:43:02 +0530
Processing by ProjectsController#index as HTML
  [1m[36mProject Load (0.2ms)[0m  [1mSELECT "projects".* FROM "projects"[0m
  Rendered projects/index.html.erb within layouts/application (2.0ms)
Completed 200 OK in 24ms (Views: 22.7ms | ActiveRecord: 0.2ms)


Started GET "/projects/new" for 127.0.0.1 at 2020-09-18 15:43:09 +0530
Processing by ProjectsController#new as HTML
  Rendered projects/new.html.erb within layouts/application (1.6ms)
Completed 200 OK in 33ms (Views: 32.3ms | ActiveRecord: 0.0ms)


Started GET "/projects/" for 127.0.0.1 at 2020-09-18 15:43:15 +0530
Processing by ProjectsController#index as HTML
  [1m[35mProject Load (0.2ms)[0m  SELECT "projects".* FROM "projects"
  Rendered projects/index.html.erb within layouts/application (1.8ms)
Completed 200 OK in 25ms (Views: 24.4ms | ActiveRecord: 0.2ms)


Started GET "/projects/" for 127.0.0.1 at 2020-09-18 16:02:21 +0530
Processing by ProjectsController#index as HTML
Completed 500 Internal Server Error in 1ms (ActiveRecord: 0.0ms)


Started GET "/projects/" for 127.0.0.1 at 2020-09-18 16:02:23 +0530
Processing by ProjectsController#index as HTML
Completed 500 Internal Server Error in 4ms (ActiveRecord: 0.0ms)


Started GET "/projects/" for 127.0.0.1 at 2020-09-18 16:02:40 +0530
Processing by ProjectsController#index as HTML
  [1m[36mProject Load (0.3ms)[0m  [1mSELECT "projects".* FROM "projects"[0m
  Rendered projects/index.html.erb within layouts/application (4.7ms)
Completed 200 OK in 35ms (Views: 30.7ms | ActiveRecord: 0.5ms)


Started GET "/projects/" for 127.0.0.1 at 2020-09-18 16:03:50 +0530
Processing by ProjectsController#index as HTML
  [1m[35mProject Load (0.2ms)[0m  SELECT "projects".* FROM "projects"
  Rendered projects/index.html.erb within layouts/application (3.3ms)
Completed 200 OK in 27ms (Views: 25.1ms | ActiveRecord: 0.4ms)


Started GET "/projects/new" for 127.0.0.1 at 2020-09-18 16:03:54 +0530
Processing by ProjectsController#new as HTML
  Rendered projects/new.html.erb within layouts/application (0.9ms)
Completed 200 OK in 24ms (Views: 23.2ms | ActiveRecord: 0.0ms)


Started POST "/projects" for 127.0.0.1 at 2020-09-18 16:03:57 +0530
Processing by ProjectsController#create as HTML
  Parameters: {"utf8"=>"✓", "authenticity_token"=>"8pc8mvEMfDDlLV0z8cFA2+4+UsoCCSiCGWdGfVD0q92zSewm9eG+ozMXDOfSJ23mxlBd4P6aGZOIZ/VHPfCdFg==", "project"=>{"title"=>"", "body"=>""}, "commit"=>"Save Project"}
  [1m[36m (0.1ms)[0m  [1mbegin transaction[0m
  [1m[35m (0.1ms)[0m  rollback transaction
  Rendered projects/new.html.erb within layouts/application (1.7ms)
Completed 200 OK in 29ms (Views: 23.2ms | ActiveRecord: 0.2ms)


Started POST "/projects" for 127.0.0.1 at 2020-09-18 16:04:06 +0530
Processing by ProjectsController#create as HTML
  Parameters: {"utf8"=>"✓", "authenticity_token"=>"ricgm4p1QTQ73jSJ9XT0J/nUEXANjB4741uvsWZY0rrv+fAnjpiDp+3kZV3Wktka0boeWvEfLypyWxyLC1zkcQ==", "project"=>{"title"=>"test", "body"=>"test"}, "commit"=>"Save Project"}
  [1m[36m (0.2ms)[0m  [1mbegin transaction[0m
  [1m[35m (0.3ms)[0m  rollback transaction
  Rendered projects/new.html.erb within layouts/application (3.8ms)
Completed 200 OK in 90ms (Views: 78.9ms | ActiveRecord: 0.5ms)


Started POST "/projects" for 127.0.0.1 at 2020-09-18 16:04:11 +0530
Processing by ProjectsController#create as HTML
  Parameters: {"utf8"=>"✓", "authenticity_token"=>"6IX5pDqzxduij8Shqmq8oklEmlGykrb3LZs2DMNkxSSpWykYPl4HSHS1lXWJjJGfYSqVe04Bh+a8m4U2rmDz7w==", "project"=>{"title"=>"test234", "body"=>"test"}, "commit"=>"Save Project"}
  [1m[36m (0.3ms)[0m  [1mbegin transaction[0m
  [1m[35mSQL (4.8ms)[0m  INSERT INTO "projects" ("title", "body", "created_at", "updated_at") VALUES (?, ?, ?, ?)  [["title", "test234"], ["body", "test"], ["created_at", "2020-09-18 10:34:11.436311"], ["updated_at", "2020-09-18 10:34:11.436311"]]
  [1m[36m (130.7ms)[0m  [1mcommit transaction[0m
Redirected to http://localhost:3000/projects/5
Completed 302 Found in 151ms (ActiveRecord: 135.8ms)


Started GET "/projects/5" for 127.0.0.1 at 2020-09-18 16:04:11 +0530
Processing by ProjectsController#show as HTML
  Parameters: {"id"=>"5"}
  [1m[35mProject Load (0.6ms)[0m  SELECT  "projects".* FROM "projects" WHERE "projects"."id" = ? LIMIT 1  [["id", 5]]
  Rendered projects/show.html.erb within layouts/application (0.2ms)
Completed 200 OK in 86ms (Views: 81.7ms | ActiveRecord: 0.6ms)


Started GET "/" for 127.0.0.1 at 2020-09-18 16:04:16 +0530
Processing by ProjectsController#index as HTML
  [1m[36mProject Load (0.6ms)[0m  [1mSELECT "projects".* FROM "projects"[0m
  Rendered projects/index.html.erb within layouts/application (7.5ms)
Completed 200 OK in 48ms (Views: 46.4ms | ActiveRecord: 0.6ms)


Started GET "/" for 127.0.0.1 at 2020-09-18 16:09:13 +0530
Processing by ProjectsController#index as HTML
  [1m[35mProject Load (0.6ms)[0m  SELECT "projects".* FROM "projects"
  Rendered projects/index.html.erb within layouts/application (69.5ms)
Completed 500 Internal Server Error in 77ms (ActiveRecord: 0.6ms)


Started GET "/" for 127.0.0.1 at 2020-09-18 16:10:43 +0530
Processing by ProjectsController#index as HTML
  [1m[36mProject Load (0.6ms)[0m  [1mSELECT "projects".* FROM "projects"[0m
  Rendered projects/index.html.erb within layouts/application (69.9ms)
Completed 500 Internal Server Error in 76ms (ActiveRecord: 0.6ms)


Started GET "/new" for 127.0.0.1 at 2020-09-18 16:10:48 +0530

ActionController::RoutingError (No route matches [GET] "/new"):
  


  Rendered /usr/lib/ruby/vendor_ruby/action_dispatch/middleware/templates/rescues/_trace.html.erb (1.8ms)
  Rendered /usr/lib/ruby/vendor_ruby/action_dispatch/middleware/templates/routes/_route.html.erb (1.0ms)
  Rendered /usr/lib/ruby/vendor_ruby/action_dispatch/middleware/templates/routes/_table.html.erb (0.8ms)
  Rendered /usr/lib/ruby/vendor_ruby/action_dispatch/middleware/templates/rescues/_request_and_response.html.erb (0.9ms)
  Rendered /usr/lib/ruby/vendor_ruby/action_dispatch/middleware/templates/rescues/routing_error.html.erb within rescues/layout (17.5ms)
  Rendered /usr/lib/ruby/vendor_ruby/web_console/templates/_markup.html.erb (0.4ms)
  Rendered /usr/lib/ruby/vendor_ruby/web_console/templates/_inner_console_markup.html.erb within layouts/inlined_string (0.2ms)
  Rendered /usr/lib/ruby/vendor_ruby/web_console/templates/_prompt_box_markup.html.erb within layouts/inlined_string (0.2ms)
  Rendered /usr/lib/ruby/vendor_ruby/web_console/templates/style.css.erb within layouts/inlined_string (0.3ms)
  Rendered /usr/lib/ruby/vendor_ruby/web_console/templates/console.js.erb within layouts/javascript (9.3ms)
  Rendered /usr/lib/ruby/vendor_ruby/web_console/templates/main.js.erb within layouts/javascript (0.4ms)
  Rendered /usr/lib/ruby/vendor_ruby/web_console/templates/error_page.js.erb within layouts/javascript (0.6ms)
  Rendered /usr/lib/ruby/vendor_ruby/web_console/templates/index.html.erb (23.9ms)


Started GET "/projects/" for 127.0.0.1 at 2020-09-18 16:10:56 +0530
Processing by ProjectsController#index as HTML
  [1m[35mProject Load (0.3ms)[0m  SELECT "projects".* FROM "projects"
  Rendered projects/index.html.erb within layouts/application (20.8ms)
Completed 500 Internal Server Error in 24ms (ActiveRecord: 0.3ms)


Started GET "/projects/new" for 127.0.0.1 at 2020-09-18 16:10:59 +0530
Processing by ProjectsController#new as HTML
  Rendered projects/new.html.erb within layouts/application (1.2ms)
Completed 200 OK in 32ms (Views: 31.2ms | ActiveRecord: 0.0ms)


Started GET "/projects/" for 127.0.0.1 at 2020-09-18 16:11:04 +0530
Processing by ProjectsController#index as HTML
  [1m[36mProject Load (0.2ms)[0m  [1mSELECT "projects".* FROM "projects"[0m
  Rendered projects/index.html.erb within layouts/application (18.3ms)
Completed 500 Internal Server Error in 21ms (ActiveRecord: 0.2ms)


Started GET "/projects/" for 127.0.0.1 at 2020-09-18 16:11:47 +0530
Processing by ProjectsController#index as HTML
  Rendered projects/index.html.erb within layouts/application (5.2ms)
Completed 500 Internal Server Error in 14ms (ActiveRecord: 0.0ms)


Started GET "/projects/" for 127.0.0.1 at 2020-09-18 16:26:34 +0530
Processing by ProjectsController#index as HTML
  Rendered projects/index.html.erb within layouts/application (6.3ms)
Completed 500 Internal Server Error in 15ms (ActiveRecord: 0.0ms)


Started GET "/projects/" for 127.0.0.1 at 2020-09-18 16:26:35 +0530
Processing by ProjectsController#index as HTML
  Rendered projects/index.html.erb within layouts/application (3.4ms)
Completed 500 Internal Server Error in 11ms (ActiveRecord: 0.0ms)


Started GET "/projects/" for 127.0.0.1 at 2020-09-18 16:26:48 +0530
Processing by ProjectsController#index as HTML
  [1m[35mProject Load (0.7ms)[0m  SELECT "projects".* FROM "projects"
  Rendered projects/index.html.erb within layouts/application (8.5ms)
Completed 200 OK in 76ms (Views: 74.1ms | ActiveRecord: 0.7ms)


Started GET "/projects/" for 127.0.0.1 at 2020-09-18 16:28:07 +0530
Processing by ProjectsController#index as HTML
  [1m[36mProject Load (0.6ms)[0m  [1mSELECT "projects".* FROM "projects"[0m
  Rendered projects/index.html.erb within layouts/application (7.0ms)
Completed 200 OK in 83ms (Views: 81.2ms | ActiveRecord: 0.6ms)


Started GET "/projects/" for 127.0.0.1 at 2020-09-18 16:28:40 +0530
Processing by ProjectsController#index as HTML
  [1m[35mProject Load (0.6ms)[0m  SELECT "projects".* FROM "projects"
  Rendered projects/index.html.erb within layouts/application (6.0ms)
Completed 200 OK in 75ms (Views: 72.8ms | ActiveRecord: 0.6ms)


Started GET "/projects/new" for 127.0.0.1 at 2020-09-18 16:32:47 +0530
Processing by ProjectsController#new as HTML
  Rendered projects/new.html.erb within layouts/application (0.8ms)
Completed 200 OK in 27ms (Views: 26.5ms | ActiveRecord: 0.0ms)


Started GET "/projects/" for 127.0.0.1 at 2020-09-18 16:35:05 +0530
Processing by ProjectsController#index as HTML
  [1m[36mProject Load (0.7ms)[0m  [1mSELECT "projects".* FROM "projects"[0m
  Rendered projects/index.html.erb within layouts/application (12.7ms)
Completed 200 OK in 102ms (Views: 99.8ms | ActiveRecord: 0.7ms)


Started GET "/projects/%23%3CProject::ActiveRecord_Relation:0x00005646e9dfe4c8%3E/edit" for 127.0.0.1 at 2020-09-18 16:35:09 +0530

AbstractController::ActionNotFound (The action 'edit' could not be found for ProjectsController):
  


  Rendered /usr/lib/ruby/vendor_ruby/action_dispatch/middleware/templates/rescues/unknown_action.html.erb within rescues/layout (0.4ms)
  Rendered /usr/lib/ruby/vendor_ruby/web_console/templates/_markup.html.erb (0.2ms)
  Rendered /usr/lib/ruby/vendor_ruby/web_console/templates/_inner_console_markup.html.erb within layouts/inlined_string (0.2ms)
  Rendered /usr/lib/ruby/vendor_ruby/web_console/templates/_prompt_box_markup.html.erb within layouts/inlined_string (0.2ms)
  Rendered /usr/lib/ruby/vendor_ruby/web_console/templates/style.css.erb within layouts/inlined_string (0.2ms)
  Rendered /usr/lib/ruby/vendor_ruby/web_console/templates/console.js.erb within layouts/javascript (10.1ms)
  Rendered /usr/lib/ruby/vendor_ruby/web_console/templates/main.js.erb within layouts/javascript (0.1ms)
  Rendered /usr/lib/ruby/vendor_ruby/web_console/templates/error_page.js.erb within layouts/javascript (0.3ms)
  Rendered /usr/lib/ruby/vendor_ruby/web_console/templates/index.html.erb (20.2ms)


Started GET "/projects/%23%3CProject::ActiveRecord_Relation:0x00005646e9dfe4c8%3E/edit" for 127.0.0.1 at 2020-09-18 16:35:09 +0530

AbstractController::ActionNotFound (The action 'edit' could not be found for ProjectsController):
  


  Rendered /usr/lib/ruby/vendor_ruby/action_dispatch/middleware/templates/rescues/unknown_action.html.erb within rescues/layout (0.3ms)
  Rendered /usr/lib/ruby/vendor_ruby/web_console/templates/_markup.html.erb (0.2ms)
  Rendered /usr/lib/ruby/vendor_ruby/web_console/templates/_inner_console_markup.html.erb within layouts/inlined_string (0.7ms)
  Rendered /usr/lib/ruby/vendor_ruby/web_console/templates/_prompt_box_markup.html.erb within layouts/inlined_string (0.3ms)
  Rendered /usr/lib/ruby/vendor_ruby/web_console/templates/style.css.erb within layouts/inlined_string (0.3ms)
  Rendered /usr/lib/ruby/vendor_ruby/web_console/templates/console.js.erb within layouts/javascript (11.7ms)
  Rendered /usr/lib/ruby/vendor_ruby/web_console/templates/main.js.erb within layouts/javascript (0.2ms)
  Rendered /usr/lib/ruby/vendor_ruby/web_console/templates/error_page.js.erb within layouts/javascript (0.3ms)
  Rendered /usr/lib/ruby/vendor_ruby/web_console/templates/index.html.erb (20.5ms)


Started GET "/projects/" for 127.0.0.1 at 2020-09-18 16:38:36 +0530
Processing by ProjectsController#index as HTML
  [1m[35mProject Load (0.3ms)[0m  SELECT "projects".* FROM "projects"
  Rendered projects/index.html.erb within layouts/application (9.6ms)
Completed 200 OK in 40ms (Views: 35.6ms | ActiveRecord: 0.9ms)


Started GET "/projects/%23%3CProject::ActiveRecord_Relation:0x00007fe45406f708%3E/edit" for 127.0.0.1 at 2020-09-18 16:38:39 +0530
Processing by ProjectsController#edit as HTML
  Parameters: {"id"=>"#<Project::ActiveRecord_Relation:0x00007fe45406f708>"}
  [1m[36mProject Load (0.2ms)[0m  [1mSELECT  "projects".* FROM "projects" WHERE "projects"."id" = ? LIMIT 1[0m  [["id", 0]]
Completed 404 Not Found in 2ms (ActiveRecord: 0.2ms)

ActiveRecord::RecordNotFound (Couldn't find Project with 'id'=#<Project::ActiveRecord_Relation:0x00007fe45406f708>):
  


  Rendered /usr/lib/ruby/vendor_ruby/action_dispatch/middleware/templates/rescues/_source.erb (0.9ms)
  Rendered /usr/lib/ruby/vendor_ruby/action_dispatch/middleware/templates/rescues/_trace.html.erb (0.8ms)
  Rendered /usr/lib/ruby/vendor_ruby/action_dispatch/middleware/templates/rescues/_request_and_response.html.erb (0.7ms)
  Rendered /usr/lib/ruby/vendor_ruby/action_dispatch/middleware/templates/rescues/diagnostics.html.erb within rescues/layout (15.5ms)
  Rendered /usr/lib/ruby/vendor_ruby/web_console/templates/_markup.html.erb (0.3ms)
  Rendered /usr/lib/ruby/vendor_ruby/web_console/templates/_inner_console_markup.html.erb within layouts/inlined_string (0.2ms)
  Rendered /usr/lib/ruby/vendor_ruby/web_console/templates/_prompt_box_markup.html.erb within layouts/inlined_string (0.2ms)
  Rendered /usr/lib/ruby/vendor_ruby/web_console/templates/style.css.erb within layouts/inlined_string (0.2ms)
  Rendered /usr/lib/ruby/vendor_ruby/web_console/templates/console.js.erb within layouts/javascript (8.8ms)
  Rendered /usr/lib/ruby/vendor_ruby/web_console/templates/main.js.erb within layouts/javascript (0.1ms)
  Rendered /usr/lib/ruby/vendor_ruby/web_console/templates/error_page.js.erb within layouts/javascript (0.3ms)
  Rendered /usr/lib/ruby/vendor_ruby/web_console/templates/index.html.erb (17.8ms)


Started GET "/projects/%23%3CProject::ActiveRecord_Relation:0x00007fe45406f708%3E/edit" for 127.0.0.1 at 2020-09-18 16:38:39 +0530
Processing by ProjectsController#edit as HTML
  Parameters: {"id"=>"#<Project::ActiveRecord_Relation:0x00007fe45406f708>"}
  [1m[35mProject Load (0.1ms)[0m  SELECT  "projects".* FROM "projects" WHERE "projects"."id" = ? LIMIT 1  [["id", 0]]
Completed 404 Not Found in 1ms (ActiveRecord: 0.1ms)

ActiveRecord::RecordNotFound (Couldn't find Project with 'id'=#<Project::ActiveRecord_Relation:0x00007fe45406f708>):
  


  Rendered /usr/lib/ruby/vendor_ruby/action_dispatch/middleware/templates/rescues/_source.erb (0.5ms)
  Rendered /usr/lib/ruby/vendor_ruby/action_dispatch/middleware/templates/rescues/_trace.html.erb (0.6ms)
  Rendered /usr/lib/ruby/vendor_ruby/action_dispatch/middleware/templates/rescues/_request_and_response.html.erb (0.5ms)
  Rendered /usr/lib/ruby/vendor_ruby/action_dispatch/middleware/templates/rescues/diagnostics.html.erb within rescues/layout (10.1ms)
  Rendered /usr/lib/ruby/vendor_ruby/web_console/templates/_markup.html.erb (0.2ms)
  Rendered /usr/lib/ruby/vendor_ruby/web_console/templates/_inner_console_markup.html.erb within layouts/inlined_string (0.3ms)
  Rendered /usr/lib/ruby/vendor_ruby/web_console/templates/_prompt_box_markup.html.erb within layouts/inlined_string (0.2ms)
  Rendered /usr/lib/ruby/vendor_ruby/web_console/templates/style.css.erb within layouts/inlined_string (0.2ms)
  Rendered /usr/lib/ruby/vendor_ruby/web_console/templates/console.js.erb within layouts/javascript (10.3ms)
  Rendered /usr/lib/ruby/vendor_ruby/web_console/templates/main.js.erb within layouts/javascript (0.2ms)
  Rendered /usr/lib/ruby/vendor_ruby/web_console/templates/error_page.js.erb within layouts/javascript (0.2ms)
  Rendered /usr/lib/ruby/vendor_ruby/web_console/templates/index.html.erb (18.9ms)


Started GET "/projects/%23%3CProject::ActiveRecord_Relation:0x00007fe45406f708%3E/edit" for 127.0.0.1 at 2020-09-18 16:40:36 +0530
Processing by ProjectsController#edit as HTML
  Parameters: {"id"=>"#<Project::ActiveRecord_Relation:0x00007fe45406f708>"}
  [1m[36mProject Load (0.1ms)[0m  [1mSELECT  "projects".* FROM "projects" WHERE "projects"."id" = ? LIMIT 1[0m  [["id", 0]]
Completed 404 Not Found in 2ms (ActiveRecord: 0.1ms)

ActiveRecord::RecordNotFound (Couldn't find Project with 'id'=#<Project::ActiveRecord_Relation:0x00007fe45406f708>):
  


  Rendered /usr/lib/ruby/vendor_ruby/action_dispatch/middleware/templates/rescues/_source.erb (0.7ms)
  Rendered /usr/lib/ruby/vendor_ruby/action_dispatch/middleware/templates/rescues/_trace.html.erb (0.9ms)
  Rendered /usr/lib/ruby/vendor_ruby/action_dispatch/middleware/templates/rescues/_request_and_response.html.erb (0.7ms)
  Rendered /usr/lib/ruby/vendor_ruby/action_dispatch/middleware/templates/rescues/diagnostics.html.erb within rescues/layout (15.5ms)
  Rendered /usr/lib/ruby/vendor_ruby/web_console/templates/_markup.html.erb (0.2ms)
  Rendered /usr/lib/ruby/vendor_ruby/web_console/templates/_inner_console_markup.html.erb within layouts/inlined_string (0.2ms)
  Rendered /usr/lib/ruby/vendor_ruby/web_console/templates/_prompt_box_markup.html.erb within layouts/inlined_string (0.2ms)
  Rendered /usr/lib/ruby/vendor_ruby/web_console/templates/style.css.erb within layouts/inlined_string (0.2ms)
  Rendered /usr/lib/ruby/vendor_ruby/web_console/templates/console.js.erb within layouts/javascript (8.6ms)
  Rendered /usr/lib/ruby/vendor_ruby/web_console/templates/main.js.erb within layouts/javascript (0.2ms)
  Rendered /usr/lib/ruby/vendor_ruby/web_console/templates/error_page.js.erb within layouts/javascript (0.2ms)
  Rendered /usr/lib/ruby/vendor_ruby/web_console/templates/index.html.erb (17.7ms)


Started GET "/projects/%23%3CProject::ActiveRecord_Relation:0x00007fe45406f708%3E/edit" for 127.0.0.1 at 2020-09-18 16:40:36 +0530
Processing by ProjectsController#edit as HTML
  Parameters: {"id"=>"#<Project::ActiveRecord_Relation:0x00007fe45406f708>"}
  [1m[35mProject Load (0.1ms)[0m  SELECT  "projects".* FROM "projects" WHERE "projects"."id" = ? LIMIT 1  [["id", 0]]
Completed 404 Not Found in 2ms (ActiveRecord: 0.1ms)

ActiveRecord::RecordNotFound (Couldn't find Project with 'id'=#<Project::ActiveRecord_Relation:0x00007fe45406f708>):
  


  Rendered /usr/lib/ruby/vendor_ruby/action_dispatch/middleware/templates/rescues/_source.erb (0.5ms)
  Rendered /usr/lib/ruby/vendor_ruby/action_dispatch/middleware/templates/rescues/_trace.html.erb (0.6ms)
  Rendered /usr/lib/ruby/vendor_ruby/action_dispatch/middleware/templates/rescues/_request_and_response.html.erb (0.6ms)
  Rendered /usr/lib/ruby/vendor_ruby/action_dispatch/middleware/templates/rescues/diagnostics.html.erb within rescues/layout (9.7ms)
  Rendered /usr/lib/ruby/vendor_ruby/web_console/templates/_markup.html.erb (0.6ms)
  Rendered /usr/lib/ruby/vendor_ruby/web_console/templates/_inner_console_markup.html.erb within layouts/inlined_string (0.2ms)
  Rendered /usr/lib/ruby/vendor_ruby/web_console/templates/_prompt_box_markup.html.erb within layouts/inlined_string (0.2ms)
  Rendered /usr/lib/ruby/vendor_ruby/web_console/templates/style.css.erb within layouts/inlined_string (0.2ms)
  Rendered /usr/lib/ruby/vendor_ruby/web_console/templates/console.js.erb within layouts/javascript (10.8ms)
  Rendered /usr/lib/ruby/vendor_ruby/web_console/templates/main.js.erb within layouts/javascript (0.2ms)
  Rendered /usr/lib/ruby/vendor_ruby/web_console/templates/error_page.js.erb within layouts/javascript (0.6ms)
  Rendered /usr/lib/ruby/vendor_ruby/web_console/templates/index.html.erb (22.3ms)


Started GET "/projects/" for 127.0.0.1 at 2020-09-18 16:47:32 +0530
Processing by ProjectsController#index as HTML
  [1m[36mProject Load (0.6ms)[0m  [1mSELECT "projects".* FROM "projects"[0m
  Rendered projects/index.html.erb within layouts/application (79.6ms)
Completed 500 Internal Server Error in 86ms (ActiveRecord: 0.6ms)


Started GET "/projects/" for 127.0.0.1 at 2020-09-18 16:49:14 +0530
Processing by ProjectsController#index as HTML
  [1m[35mProject Load (0.6ms)[0m  SELECT "projects".* FROM "projects"
  Rendered projects/index.html.erb within layouts/application (95.7ms)
Completed 500 Internal Server Error in 104ms (ActiveRecord: 0.6ms)


Started GET "/projects/" for 127.0.0.1 at 2020-09-18 16:52:31 +0530
Processing by ProjectsController#index as HTML
  [1m[36mProject Load (0.5ms)[0m  [1mSELECT "projects".* FROM "projects"[0m
  Rendered projects/index.html.erb within layouts/application (66.1ms)
Completed 500 Internal Server Error in 94ms (ActiveRecord: 0.5ms)


Started GET "/projects/" for 127.0.0.1 at 2020-09-18 16:53:01 +0530
Processing by ProjectsController#index as HTML
  [1m[35mProject Load (0.2ms)[0m  SELECT "projects".* FROM "projects"
  Rendered projects/index.html.erb within layouts/application (3.6ms)
Completed 200 OK in 37ms (Views: 36.5ms | ActiveRecord: 0.2ms)


Started GET "/projects.1" for 127.0.0.1 at 2020-09-18 16:53:04 +0530
Processing by ProjectsController#index as 
  [1m[36mProject Load (0.1ms)[0m  [1mSELECT "projects".* FROM "projects"[0m
  Rendered projects/index.html.erb within layouts/application (2.1ms)
Completed 200 OK in 25ms (Views: 24.2ms | ActiveRecord: 0.1ms)


Started GET "/projects.1" for 127.0.0.1 at 2020-09-18 16:53:06 +0530
Processing by ProjectsController#index as 
  [1m[35mProject Load (0.2ms)[0m  SELECT "projects".* FROM "projects"
  Rendered projects/index.html.erb within layouts/application (2.6ms)
Completed 200 OK in 44ms (Views: 42.2ms | ActiveRecord: 0.2ms)


Started GET "/projects.1" for 127.0.0.1 at 2020-09-18 16:53:07 +0530
Processing by ProjectsController#index as 
  [1m[36mProject Load (0.5ms)[0m  [1mSELECT "projects".* FROM "projects"[0m
  Rendered projects/index.html.erb within layouts/application (4.9ms)
Completed 200 OK in 42ms (Views: 40.5ms | ActiveRecord: 0.5ms)


Started GET "/projects.1" for 127.0.0.1 at 2020-09-18 16:53:08 +0530
Processing by ProjectsController#index as 
  [1m[35mProject Load (0.3ms)[0m  SELECT "projects".* FROM "projects"
  Rendered projects/index.html.erb within layouts/application (6.5ms)
Completed 200 OK in 48ms (Views: 46.4ms | ActiveRecord: 0.3ms)


Started GET "/projects.1" for 127.0.0.1 at 2020-09-18 16:53:13 +0530
Processing by ProjectsController#index as 
  [1m[36mProject Load (0.3ms)[0m  [1mSELECT "projects".* FROM "projects"[0m
  Rendered projects/index.html.erb within layouts/application (2.9ms)
Completed 200 OK in 41ms (Views: 39.6ms | ActiveRecord: 0.3ms)


Started GET "/projects.1" for 127.0.0.1 at 2020-09-18 16:53:42 +0530
Processing by ProjectsController#index as 
  [1m[35mProject Load (0.5ms)[0m  SELECT "projects".* FROM "projects"
  Rendered projects/index.html.erb within layouts/application (5.2ms)
Completed 200 OK in 46ms (Views: 44.3ms | ActiveRecord: 0.5ms)


Started GET "/projects/1" for 127.0.0.1 at 2020-09-18 16:54:15 +0530
Processing by ProjectsController#show as HTML
  Parameters: {"id"=>"1"}
  [1m[36mProject Load (0.1ms)[0m  [1mSELECT  "projects".* FROM "projects" WHERE "projects"."id" = ? LIMIT 1[0m  [["id", 1]]
  Rendered projects/show.html.erb within layouts/application (0.5ms)
Completed 200 OK in 23ms (Views: 21.5ms | ActiveRecord: 0.1ms)


Started GET "/projects/2" for 127.0.0.1 at 2020-09-18 16:54:21 +0530
Processing by ProjectsController#show as HTML
  Parameters: {"id"=>"2"}
  [1m[35mProject Load (0.1ms)[0m  SELECT  "projects".* FROM "projects" WHERE "projects"."id" = ? LIMIT 1  [["id", 2]]
  Rendered projects/show.html.erb within layouts/application (0.1ms)
Completed 200 OK in 31ms (Views: 29.9ms | ActiveRecord: 0.1ms)


Started GET "/projects/" for 127.0.0.1 at 2020-09-18 16:55:08 +0530
Processing by ProjectsController#index as HTML
  [1m[36mProject Load (0.2ms)[0m  [1mSELECT "projects".* FROM "projects"[0m
  Rendered projects/index.html.erb within layouts/application (2.5ms)
Completed 200 OK in 24ms (Views: 22.9ms | ActiveRecord: 0.2ms)


Started GET "/projects/1" for 127.0.0.1 at 2020-09-18 16:55:10 +0530
Processing by ProjectsController#show as HTML
  Parameters: {"id"=>"1"}
  [1m[35mProject Load (0.1ms)[0m  SELECT  "projects".* FROM "projects" WHERE "projects"."id" = ? LIMIT 1  [["id", 1]]
  Rendered projects/show.html.erb within layouts/application (1.3ms)
Completed 200 OK in 24ms (Views: 23.1ms | ActiveRecord: 0.1ms)


Started GET "/projects/1" for 127.0.0.1 at 2020-09-18 16:58:59 +0530
Processing by ProjectsController#show as HTML
  Parameters: {"id"=>"1"}
  [1m[36mProject Load (0.3ms)[0m  [1mSELECT  "projects".* FROM "projects" WHERE "projects"."id" = ? LIMIT 1[0m  [["id", 1]]
  Rendered projects/show.html.erb within layouts/application (2.0ms)
Completed 200 OK in 78ms (Views: 75.1ms | ActiveRecord: 0.3ms)


Started GET "/projects/1/edit" for 127.0.0.1 at 2020-09-18 16:59:02 +0530
Processing by ProjectsController#edit as HTML
  Parameters: {"id"=>"1"}
  [1m[35mProject Load (0.1ms)[0m  SELECT  "projects".* FROM "projects" WHERE "projects"."id" = ? LIMIT 1  [["id", 1]]
  Rendered projects/edit.html.erb within layouts/application (34.7ms)
Completed 500 Internal Server Error in 38ms (ActiveRecord: 0.1ms)


Started GET "/projects/1/edit" for 127.0.0.1 at 2020-09-18 16:59:02 +0530
Processing by ProjectsController#edit as HTML
  Parameters: {"id"=>"1"}
  [1m[36mProject Load (0.1ms)[0m  [1mSELECT  "projects".* FROM "projects" WHERE "projects"."id" = ? LIMIT 1[0m  [["id", 1]]
  Rendered projects/edit.html.erb within layouts/application (27.4ms)
Completed 500 Internal Server Error in 30ms (ActiveRecord: 0.1ms)


Started GET "/projects/1" for 127.0.0.1 at 2020-09-18 17:01:44 +0530
Processing by ProjectsController#show as HTML
  Parameters: {"id"=>"1"}
  [1m[35mProject Load (0.4ms)[0m  SELECT  "projects".* FROM "projects" WHERE "projects"."id" = ? LIMIT 1  [["id", 1]]
  Rendered projects/show.html.erb within layouts/application (1.2ms)
Completed 200 OK in 80ms (Views: 76.7ms | ActiveRecord: 0.4ms)


Started GET "/projects/1/edit" for 127.0.0.1 at 2020-09-18 17:01:45 +0530
Processing by ProjectsController#edit as HTML
  Parameters: {"id"=>"1"}
  [1m[36mProject Load (0.2ms)[0m  [1mSELECT  "projects".* FROM "projects" WHERE "projects"."id" = ? LIMIT 1[0m  [["id", 1]]
  Rendered projects/edit.html.erb within layouts/application (3.5ms)
Completed 200 OK in 38ms (Views: 36.3ms | ActiveRecord: 0.2ms)


Started GET "/projects/1" for 127.0.0.1 at 2020-09-18 17:04:35 +0530
Processing by ProjectsController#show as HTML
  Parameters: {"id"=>"1"}
  [1m[35mProject Load (0.2ms)[0m  SELECT  "projects".* FROM "projects" WHERE "projects"."id" = ? LIMIT 1  [["id", 1]]
  Rendered projects/show.html.erb within layouts/application (0.3ms)
Completed 200 OK in 34ms (Views: 25.6ms | ActiveRecord: 1.3ms)


Started GET "/projects/1/edit" for 127.0.0.1 at 2020-09-18 17:04:36 +0530
Processing by ProjectsController#edit as HTML
  Parameters: {"id"=>"1"}
  [1m[36mProject Load (0.4ms)[0m  [1mSELECT  "projects".* FROM "projects" WHERE "projects"."id" = ? LIMIT 1[0m  [["id", 1]]
  Rendered projects/edit.html.erb within layouts/application (4.5ms)
Completed 200 OK in 41ms (Views: 37.4ms | ActiveRecord: 0.4ms)


Started PATCH "/projects/1" for 127.0.0.1 at 2020-09-18 17:04:40 +0530
Processing by ProjectsController#update as HTML
  Parameters: {"utf8"=>"✓", "authenticity_token"=>"W2IOabXfATokZYq2jOkSarL0WL1DbUdjFednmGvlNKcavN7VsTLDqfJf22KvDz9XmppXl7/+dnKE59SiBuECbA==", "project"=>{"title"=>"summa", "body"=>"summa edited"}, "commit"=>"Save Project", "id"=>"1"}
  [1m[35mProject Load (0.2ms)[0m  SELECT  "projects".* FROM "projects" WHERE "projects"."id" = ? LIMIT 1  [["id", 1]]
  [1m[36m (0.1ms)[0m  [1mbegin transaction[0m
  [1m[35mSQL (0.3ms)[0m  UPDATE "projects" SET "body" = ?, "updated_at" = ? WHERE "projects"."id" = ?  [["body", "summa edited"], ["updated_at", "2020-09-18 11:34:40.997511"], ["id", 1]]
  [1m[36m (143.7ms)[0m  [1mcommit transaction[0m
Redirected to http://localhost:3000/projects/1
Completed 302 Found in 152ms (ActiveRecord: 144.3ms)


Started GET "/projects/1" for 127.0.0.1 at 2020-09-18 17:04:41 +0530
Processing by ProjectsController#show as HTML
  Parameters: {"id"=>"1"}
  [1m[35mProject Load (0.3ms)[0m  SELECT  "projects".* FROM "projects" WHERE "projects"."id" = ? LIMIT 1  [["id", 1]]
  Rendered projects/show.html.erb within layouts/application (0.7ms)
Completed 200 OK in 85ms (Views: 81.7ms | ActiveRecord: 0.3ms)


Started GET "/" for 127.0.0.1 at 2020-09-18 17:04:46 +0530
Processing by ProjectsController#index as HTML
  [1m[36mProject Load (0.3ms)[0m  [1mSELECT "projects".* FROM "projects"[0m
  Rendered projects/index.html.erb within layouts/application (2.2ms)
Completed 200 OK in 27ms (Views: 25.6ms | ActiveRecord: 0.3ms)


Started GET "/" for 127.0.0.1 at 2020-09-18 17:11:02 +0530
Processing by ProjectsController#index as HTML
  [1m[35mProject Load (0.3ms)[0m  SELECT "projects".* FROM "projects"
  Rendered projects/index.html.erb within layouts/application (5.3ms)
Completed 200 OK in 37ms (Views: 33.6ms | ActiveRecord: 0.8ms)


Started GET "/projects/4" for 127.0.0.1 at 2020-09-18 17:11:07 +0530
Processing by ProjectsController#show as HTML
  Parameters: {"id"=>"4"}
  [1m[36mProject Load (0.2ms)[0m  [1mSELECT  "projects".* FROM "projects" WHERE "projects"."id" = ? LIMIT 1[0m  [["id", 4]]
  Rendered projects/show.html.erb within layouts/application (0.7ms)
Completed 200 OK in 23ms (Views: 21.0ms | ActiveRecord: 0.2ms)


Started DELETE "/projects/4" for 127.0.0.1 at 2020-09-18 17:11:11 +0530
Processing by ProjectsController#destroy as HTML
  Parameters: {"authenticity_token"=>"57Mmjhppk6/uwSB+aDp5QVnK0r0uClOxydvZyRRBZ6embfYyHoRRPDj7capL3FR8caTdl9KZYqBY22rzeUVRbA==", "id"=>"4"}
  [1m[35mProject Load (0.1ms)[0m  SELECT  "projects".* FROM "projects" WHERE "projects"."id" = ? LIMIT 1  [["id", 4]]
Completed 500 Internal Server Error in 3ms (ActiveRecord: 0.1ms)

ActionView::MissingTemplate (Missing template projects/destroy, application/destroy with {:locale=>[:en], :formats=>[:html], :variants=>[], :handlers=>[:erb, :builder, :raw, :ruby, :coffee, :jbuilder]}. Searched in:
  * "/home/karthick/projectsMaintenance/app/views"
):
  


  Rendered /usr/lib/ruby/vendor_ruby/action_dispatch/middleware/templates/rescues/_source.erb (0.6ms)
  Rendered /usr/lib/ruby/vendor_ruby/action_dispatch/middleware/templates/rescues/_trace.html.erb (1.2ms)
  Rendered /usr/lib/ruby/vendor_ruby/action_dispatch/middleware/templates/rescues/_request_and_response.html.erb (0.7ms)
  Rendered /usr/lib/ruby/vendor_ruby/action_dispatch/middleware/templates/rescues/missing_template.html.erb within rescues/layout (13.1ms)
  Rendered /usr/lib/ruby/vendor_ruby/web_console/templates/_markup.html.erb (0.2ms)
  Rendered /usr/lib/ruby/vendor_ruby/web_console/templates/_inner_console_markup.html.erb within layouts/inlined_string (0.6ms)
  Rendered /usr/lib/ruby/vendor_ruby/web_console/templates/_prompt_box_markup.html.erb within layouts/inlined_string (0.3ms)
  Rendered /usr/lib/ruby/vendor_ruby/web_console/templates/style.css.erb within layouts/inlined_string (0.2ms)
  Rendered /usr/lib/ruby/vendor_ruby/web_console/templates/console.js.erb within layouts/javascript (11.9ms)
  Rendered /usr/lib/ruby/vendor_ruby/web_console/templates/main.js.erb within layouts/javascript (0.2ms)
  Rendered /usr/lib/ruby/vendor_ruby/web_console/templates/error_page.js.erb within layouts/javascript (0.3ms)
  Rendered /usr/lib/ruby/vendor_ruby/web_console/templates/index.html.erb (21.1ms)


Started GET "/projects/4" for 127.0.0.1 at 2020-09-18 17:13:48 +0530
Processing by ProjectsController#show as HTML
  Parameters: {"id"=>"4"}
  [1m[36mProject Load (0.7ms)[0m  [1mSELECT  "projects".* FROM "projects" WHERE "projects"."id" = ? LIMIT 1[0m  [["id", 4]]
  Rendered projects/show.html.erb within layouts/application (3.9ms)
Completed 200 OK in 95ms (Views: 90.2ms | ActiveRecord: 0.7ms)


Started DELETE "/projects/4" for 127.0.0.1 at 2020-09-18 17:13:53 +0530
Processing by ProjectsController#destroy as HTML
  Parameters: {"authenticity_token"=>"+IBbbXLEEs/jYPzKkBxoEmqaSnrrREsco6RRlLlbaHu5XovRdinQXDVarR6z+kUvQvRFUBfXeg0ypOKu1F9esA==", "id"=>"4"}
  [1m[35mProject Load (0.1ms)[0m  SELECT  "projects".* FROM "projects" WHERE "projects"."id" = ? LIMIT 1  [["id", 4]]
Completed 500 Internal Server Error in 5ms (ActiveRecord: 0.1ms)

ActionView::MissingTemplate (Missing template projects/destroy, application/destroy with {:locale=>[:en], :formats=>[:html], :variants=>[], :handlers=>[:erb, :builder, :raw, :ruby, :coffee, :jbuilder]}. Searched in:
  * "/home/karthick/projectsMaintenance/app/views"
):
  


  Rendered /usr/lib/ruby/vendor_ruby/action_dispatch/middleware/templates/rescues/_source.erb (1.0ms)
  Rendered /usr/lib/ruby/vendor_ruby/action_dispatch/middleware/templates/rescues/_trace.html.erb (1.0ms)
  Rendered /usr/lib/ruby/vendor_ruby/action_dispatch/middleware/templates/rescues/_request_and_response.html.erb (0.7ms)
  Rendered /usr/lib/ruby/vendor_ruby/action_dispatch/middleware/templates/rescues/missing_template.html.erb within rescues/layout (14.8ms)
  Rendered /usr/lib/ruby/vendor_ruby/web_console/templates/_markup.html.erb (0.2ms)
  Rendered /usr/lib/ruby/vendor_ruby/web_console/templates/_inner_console_markup.html.erb within layouts/inlined_string (0.3ms)
  Rendered /usr/lib/ruby/vendor_ruby/web_console/templates/_prompt_box_markup.html.erb within layouts/inlined_string (0.3ms)
  Rendered /usr/lib/ruby/vendor_ruby/web_console/templates/style.css.erb within layouts/inlined_string (0.2ms)
  Rendered /usr/lib/ruby/vendor_ruby/web_console/templates/console.js.erb within layouts/javascript (10.5ms)
  Rendered /usr/lib/ruby/vendor_ruby/web_console/templates/main.js.erb within layouts/javascript (0.2ms)
  Rendered /usr/lib/ruby/vendor_ruby/web_console/templates/error_page.js.erb within layouts/javascript (0.5ms)
  Rendered /usr/lib/ruby/vendor_ruby/web_console/templates/index.html.erb (21.5ms)


Started GET "/projects/4" for 127.0.0.1 at 2020-09-18 17:15:41 +0530
Processing by ProjectsController#show as HTML
  Parameters: {"id"=>"4"}
  [1m[36mProject Load (0.1ms)[0m  [1mSELECT  "projects".* FROM "projects" WHERE "projects"."id" = ? LIMIT 1[0m  [["id", 4]]
  Rendered projects/show.html.erb within layouts/application (0.4ms)
Completed 200 OK in 35ms (Views: 27.8ms | ActiveRecord: 0.6ms)


Started DELETE "/projects/4" for 127.0.0.1 at 2020-09-18 17:15:44 +0530
Processing by ProjectsController#destroy as HTML
  Parameters: {"authenticity_token"=>"8v6X+xwbEFJk3L8cDxkeZrPI4OxXQc68kRrzyP0WoSyzIEdHGPbSwbLm7sgs/zNbm6bvxqvS/60AGkDykBKX5w==", "id"=>"4"}
  [1m[35mProject Load (0.3ms)[0m  SELECT  "projects".* FROM "projects" WHERE "projects"."id" = ? LIMIT 1  [["id", 4]]
Completed 500 Internal Server Error in 3ms (ActiveRecord: 0.3ms)

ActionView::MissingTemplate (Missing template projects/destroy, application/destroy with {:locale=>[:en], :formats=>[:html], :variants=>[], :handlers=>[:erb, :builder, :raw, :ruby, :coffee, :jbuilder]}. Searched in:
  * "/home/karthick/projectsMaintenance/app/views"
):
  


  Rendered /usr/lib/ruby/vendor_ruby/action_dispatch/middleware/templates/rescues/_source.erb (0.6ms)
  Rendered /usr/lib/ruby/vendor_ruby/action_dispatch/middleware/templates/rescues/_trace.html.erb (0.7ms)
  Rendered /usr/lib/ruby/vendor_ruby/action_dispatch/middleware/templates/rescues/_request_and_response.html.erb (1.5ms)
  Rendered /usr/lib/ruby/vendor_ruby/action_dispatch/middleware/templates/rescues/missing_template.html.erb within rescues/layout (13.6ms)
  Rendered /usr/lib/ruby/vendor_ruby/web_console/templates/_markup.html.erb (0.4ms)
  Rendered /usr/lib/ruby/vendor_ruby/web_console/templates/_inner_console_markup.html.erb within layouts/inlined_string (0.8ms)
  Rendered /usr/lib/ruby/vendor_ruby/web_console/templates/_prompt_box_markup.html.erb within layouts/inlined_string (0.4ms)
  Rendered /usr/lib/ruby/vendor_ruby/web_console/templates/style.css.erb within layouts/inlined_string (0.3ms)
  Rendered /usr/lib/ruby/vendor_ruby/web_console/templates/console.js.erb within layouts/javascript (12.5ms)
  Rendered /usr/lib/ruby/vendor_ruby/web_console/templates/main.js.erb within layouts/javascript (0.2ms)
  Rendered /usr/lib/ruby/vendor_ruby/web_console/templates/error_page.js.erb within layouts/javascript (0.2ms)
  Rendered /usr/lib/ruby/vendor_ruby/web_console/templates/index.html.erb (22.4ms)


Started GET "/projects/4" for 127.0.0.1 at 2020-09-18 17:16:46 +0530
Processing by ProjectsController#show as HTML
  Parameters: {"id"=>"4"}
  [1m[36mProject Load (0.3ms)[0m  [1mSELECT  "projects".* FROM "projects" WHERE "projects"."id" = ? LIMIT 1[0m  [["id", 4]]
  Rendered projects/show.html.erb within layouts/application (80.2ms)
Completed 500 Internal Server Error in 88ms (ActiveRecord: 0.3ms)


Started GET "/projects/4" for 127.0.0.1 at 2020-09-18 17:17:03 +0530
Processing by ProjectsController#show as HTML
  Parameters: {"id"=>"4"}
  [1m[35mProject Load (0.2ms)[0m  SELECT  "projects".* FROM "projects" WHERE "projects"."id" = ? LIMIT 1  [["id", 4]]
  Rendered projects/show.html.erb within layouts/application (3.0ms)
Completed 200 OK in 78ms (Views: 75.8ms | ActiveRecord: 0.2ms)


Started GET "/projects/4" for 127.0.0.1 at 2020-09-18 17:20:24 +0530
Processing by ProjectsController#show as HTML
  Parameters: {"id"=>"4"}
  [1m[36mProject Load (0.4ms)[0m  [1mSELECT  "projects".* FROM "projects" WHERE "projects"."id" = ? LIMIT 1[0m  [["id", 4]]
  Rendered projects/show.html.erb within layouts/application (2.3ms)
Completed 200 OK in 86ms (Views: 82.2ms | ActiveRecord: 0.4ms)


Started DELETE "/projects/4" for 127.0.0.1 at 2020-09-18 17:20:27 +0530
Processing by ProjectsController#destroy as HTML
  Parameters: {"authenticity_token"=>"D/HU+iJ4jswEH6BJGpyfb1QuJBC5tqWzVZ2FSX2gm19OLwRGJpVMX9Il8Z05erJSfEArOkUllKLEnTZzEKStlA==", "id"=>"4"}
  [1m[35mProject Load (0.2ms)[0m  SELECT  "projects".* FROM "projects" WHERE "projects"."id" = ? LIMIT 1  [["id", 4]]
Completed 500 Internal Server Error in 5ms (ActiveRecord: 0.2ms)

ActionView::MissingTemplate (Missing template projects/destroy, application/destroy with {:locale=>[:en], :formats=>[:html], :variants=>[], :handlers=>[:erb, :builder, :raw, :ruby, :coffee, :jbuilder]}. Searched in:
  * "/home/karthick/projectsMaintenance/app/views"
):
  


  Rendered /usr/lib/ruby/vendor_ruby/action_dispatch/middleware/templates/rescues/_source.erb (0.5ms)
  Rendered /usr/lib/ruby/vendor_ruby/action_dispatch/middleware/templates/rescues/_trace.html.erb (0.7ms)
  Rendered /usr/lib/ruby/vendor_ruby/action_dispatch/middleware/templates/rescues/_request_and_response.html.erb (1.8ms)
  Rendered /usr/lib/ruby/vendor_ruby/action_dispatch/middleware/templates/rescues/missing_template.html.erb within rescues/layout (13.4ms)
  Rendered /usr/lib/ruby/vendor_ruby/web_console/templates/_markup.html.erb (0.2ms)
  Rendered /usr/lib/ruby/vendor_ruby/web_console/templates/_inner_console_markup.html.erb within layouts/inlined_string (0.2ms)
  Rendered /usr/lib/ruby/vendor_ruby/web_console/templates/_prompt_box_markup.html.erb within layouts/inlined_string (0.4ms)
  Rendered /usr/lib/ruby/vendor_ruby/web_console/templates/style.css.erb within layouts/inlined_string (0.3ms)
  Rendered /usr/lib/ruby/vendor_ruby/web_console/templates/console.js.erb within layouts/javascript (11.6ms)
  Rendered /usr/lib/ruby/vendor_ruby/web_console/templates/main.js.erb within layouts/javascript (0.2ms)
  Rendered /usr/lib/ruby/vendor_ruby/web_console/templates/error_page.js.erb within layouts/javascript (0.2ms)
  Rendered /usr/lib/ruby/vendor_ruby/web_console/templates/index.html.erb (20.3ms)


Started GET "/projects/4" for 127.0.0.1 at 2020-09-18 17:51:21 +0530
Processing by ProjectsController#show as HTML
  Parameters: {"id"=>"4"}
  [1m[36mProject Load (0.1ms)[0m  [1mSELECT  "projects".* FROM "projects" WHERE "projects"."id" = ? LIMIT 1[0m  [["id", 4]]
  Rendered projects/show.html.erb within layouts/application (0.4ms)
Completed 200 OK in 34ms (Views: 28.3ms | ActiveRecord: 0.6ms)


Started DELETE "/projects/4" for 127.0.0.1 at 2020-09-18 17:51:26 +0530
Processing by ProjectsController#destroy as HTML
  Parameters: {"authenticity_token"=>"NmNPJW8QJOwpid2Wk7ghk/+2pjkUIGfzAxCcIlwYxQF3vZ+Za/3mf/+zjEKwXgyu19ipE+izVuKSEC8YMRzzyg==", "id"=>"4"}
  [1m[35mProject Load (0.1ms)[0m  SELECT  "projects".* FROM "projects" WHERE "projects"."id" = ? LIMIT 1  [["id", 4]]
  [1m[36m (0.1ms)[0m  [1mbegin transaction[0m
  [1m[35mSQL (0.2ms)[0m  DELETE FROM "projects" WHERE "projects"."id" = ?  [["id", 4]]
  [1m[36m (92.7ms)[0m  [1mcommit transaction[0m
Redirected to http://localhost:3000/projects
Completed 302 Found in 98ms (ActiveRecord: 93.1ms)


Started GET "/projects" for 127.0.0.1 at 2020-09-18 17:51:26 +0530
Processing by ProjectsController#index as HTML
  [1m[35mProject Load (0.6ms)[0m  SELECT "projects".* FROM "projects"
  Rendered projects/index.html.erb within layouts/application (6.6ms)
Completed 200 OK in 63ms (Views: 59.9ms | ActiveRecord: 0.6ms)


Started GET "/projects" for 127.0.0.1 at 2020-09-18 17:52:14 +0530
Processing by ProjectsController#index as HTML
  [1m[36mProject Load (0.3ms)[0m  [1mSELECT "projects".* FROM "projects"[0m
  Rendered projects/index.html.erb within layouts/application (7.4ms)
Completed 200 OK in 36ms (Views: 32.8ms | ActiveRecord: 1.0ms)


Started GET "/projects/1" for 127.0.0.1 at 2020-09-18 17:52:18 +0530
Processing by ProjectsController#show as HTML
  Parameters: {"id"=>"1"}
  [1m[35mProject Load (0.3ms)[0m  SELECT  "projects".* FROM "projects" WHERE "projects"."id" = ? LIMIT 1  [["id", 1]]
  Rendered projects/show.html.erb within layouts/application (0.8ms)
Completed 200 OK in 30ms (Views: 28.2ms | ActiveRecord: 0.3ms)


Started GET "/projects/1/edit" for 127.0.0.1 at 2020-09-18 17:52:22 +0530
Processing by ProjectsController#edit as HTML
  Parameters: {"id"=>"1"}
  [1m[36mProject Load (0.3ms)[0m  [1mSELECT  "projects".* FROM "projects" WHERE "projects"."id" = ? LIMIT 1[0m  [["id", 1]]
  Rendered projects/edit.html.erb within layouts/application (5.7ms)
Completed 200 OK in 50ms (Views: 47.5ms | ActiveRecord: 0.3ms)


Started GET "/projects" for 127.0.0.1 at 2020-09-18 17:52:51 +0530
Processing by ProjectsController#index as HTML
  [1m[35mProject Load (0.7ms)[0m  SELECT "projects".* FROM "projects"
  Rendered projects/index.html.erb within layouts/application (9.1ms)
Completed 200 OK in 87ms (Views: 84.1ms | ActiveRecord: 0.7ms)
